<?xml version="1.0" encoding="UTF-8"?>
<!-- Generated by org.testng.reporters.JUnitReportReporter -->
<testsuite hostname="Jewells-MacBook-Pro.local" failures="0" tests="1" name="webDriverManagerTest.WebDriverManagerRun" time="13.959" errors="0" timestamp="20 Sep 2019 17:22:03 GMT" skipped="0">
  <testcase classname="webDriverManagerTest.WebDriverManagerRun" name="goToMSNBCDotcom" time="13.959"/>
</testsuite> <!-- webDriverManagerTest.WebDriverManagerRun -->
